make all --print-data-base --no-builtin-variables --no-builtin-rules --question
# GNU Make 3.81
# Copyright (C) 2006  Free Software Foundation, Inc.
# This is free software; see the source for copying conditions.
# There is NO warranty; not even for MERCHANTABILITY or FITNESS FOR A
# PARTICULAR PURPOSE.

# This program built for i386-apple-darwin11.3.0

# Make data base, printed on Fri Aug 12 22:15:12 2022

# Variables

# automatic
<D = $(patsubst %/,%,$(dir $<))
# automatic
?F = $(notdir $?)
# automatic
?D = $(patsubst %/,%,$(dir $?))
# automatic
@D = $(patsubst %/,%,$(dir $@))
# automatic
@F = $(notdir $@)
# makefile
CURDIR := /Users/kannie/Desktop/School_21/kannie_philo/philo
# makefile
SHELL = /bin/sh
# makefile (from `Makefile', line 13)
RM = rm -f
# environment
VSCODE_NLS_CONFIG = {"locale":"en-gb","availableLanguages":{},"_languagePackSupport":true}
# environment
_ = /usr/bin/make
# makefile (from `Makefile', line 1)
MAKEFILE_LIST :=  Makefile
# makefile (from `Makefile', line 8)
SRCS = philo.c philo_utils.c philo_create.c philo_time.c values_philo.c waiter_check.c
# environment
__CFBundleIdentifier = com.microsoft.VSCode
# environment
VSCODE_CWD = /
# environment
PATH = /Users/kannie/.brew/bin:/Library/Frameworks/Python.framework/Versions/3.9/bin:/usr/local/bin:/usr/bin:/bin:/usr/sbin:/sbin:/usr/local/go/bin:/Library/Apple/usr/bin
# environment
LSCOLORS = Gxfxcxdxbxegedabagacad
# environment
ELECTRON_RUN_AS_NODE = 1
# default
.FEATURES := target-specific order-only second-expansion else-if archives jobserver check-symlink
# environment
SSH_AUTH_SOCK = /private/tmp/com.apple.launchd.0tEDtyf2yD/Listeners
# automatic
%F = $(notdir $%)
# environment
HOMEBREW_TEMP = /tmp/kannie/Homebrew/Temp
# makefile (from `Makefile', line 11)
OBJS = ${SRCS:%.c=%.o}
# environment
PWD = /Users/kannie/Desktop/School_21/kannie_philo/philo
# environment
ORIGINAL_XDG_CURRENT_DESKTOP = undefined
# environment
VSCODE_AMD_ENTRYPOINT = vs/workbench/api/node/extensionHostProcess
# environment
HOME = /Users/kannie
# default
MAKEFILEPATH := /Applications/Xcode.app/Contents/Developer/Makefiles
# environment
VSCODE_CODE_CACHE_PATH = /Users/kannie/Library/Application Support/Code/CachedData/6d9b74a70ca9c7733b29f0456fd8195364076dda
# environment
LOGNAME = kannie
# environment
APPLICATION_INSIGHTS_NO_DIAGNOSTIC_CHANNEL = 1
# environment
ZSH = /Users/kannie/.oh-my-zsh
# environment
VSCODE_HANDLES_UNCAUGHT_ERRORS = true
# automatic
^D = $(patsubst %/,%,$(dir $^))
# environment
XPC_FLAGS = 0x0
# default
MAKE = $(MAKE_COMMAND)
# default
MAKECMDGOALS := all
# environment
HOMEBREW_CACHE = /tmp/kannie/Homebrew/Caches
# environment
SHLVL = 1
# makefile (from `Makefile', line 3)
CC = gcc -g -fsanitize=thread
# default
MAKE_VERSION := 3.81
# environment
USER = kannie
# makefile
.DEFAULT_GOAL := philo
# makefile (from `Makefile', line 1)
NAME = philo
# environment
LESS = -R
# automatic
%D = $(patsubst %/,%,$(dir $%))
# default
MAKE_COMMAND := /Applications/Xcode.app/Contents/Developer/usr/bin/make
# default
.VARIABLES := 
# environment
TMPDIR = /var/folders/0c/fzh76hkx4tb_7w2yc369g20r0000gn/T/
# automatic
*F = $(notdir $*)
# environment
VSCODE_IPC_HOOK = /Users/kannie/Library/Application Support/Code/1.70.1-main.sock
# environment
MallocNanoZone = 0
# makefile
MAKEFLAGS = Rrqp
# environment
MFLAGS = -Rrqp
# automatic
*D = $(patsubst %/,%,$(dir $*))
# environment
XPC_SERVICE_NAME = application.com.microsoft.VSCode.5897641.5897647
# automatic
+D = $(patsubst %/,%,$(dir $+))
# automatic
+F = $(notdir $+)
# environment
__CF_USER_TEXT_ENCODING = 0x1F5:0x0:0x2
# environment
COMMAND_MODE = unix2003
# default
MAKEFILES := 
# automatic
<F = $(notdir $<)
# environment
PAGER = less
# environment
LC_ALL = C
# makefile (from `Makefile', line 6)
HEADER = philo.h
# automatic
^F = $(notdir $^)
# default
SUFFIXES := 
# makefile (from `Makefile', line 5)
FLAGS = -Wall -Wextra -Werror
# environment
MAKELEVEL := 0
# environment
LANG = C
# environment
VSCODE_PID = 84173
# variable set hash-table stats:
# Load=70/1024=7%, Rehash=0, Collisions=7/97=7%

# Pattern-specific Variable Values

# No pattern-specific variable values.

# Directories

# . (device 16777225, inode 5889756): 18 files, no impossibilities.

# 18 files, no impossibilities in 1 directories.

# Implicit Rules

%.o: %.c
#  commands to execute (from `Makefile', line 19):
	$(CC) ${FLAGS} -c $< -o $@
	

# 1 implicit rules, 0 (0.0%) terminal.

# Files

waiter_check.o: waiter_check.c
#  Implicit rule search has been done.
#  Implicit/static pattern stem: `waiter_check'
#  Last modified 2022-08-12 21:58:19
#  File has been updated.
#  Successfully updated.
# variable set hash-table stats:
# Load=0/32=0%, Rehash=0, Collisions=0/0=0%
#  commands to execute (from `Makefile', line 19):
	$(CC) ${FLAGS} -c $< -o $@
	

# Not a target:
philo_utils.c:
#  Implicit rule search has been done.
#  Last modified 2022-08-12 18:51:43
#  File has been updated.
#  Successfully updated.
# variable set hash-table stats:
# Load=0/32=0%, Rehash=0, Collisions=0/0=0%

all: philo
#  Phony target (prerequisite of .PHONY).
#  Command-line target.
#  Implicit rule search has not been done.
#  File does not exist.
#  File has been updated.
#  Successfully updated.
# variable set hash-table stats:
# Load=0/32=0%, Rehash=0, Collisions=0/0=0%

philo: philo.o philo_utils.o philo_create.o philo_time.o values_philo.o waiter_check.o
#  Implicit rule search has not been done.
#  Last modified 2022-08-12 21:58:19
#  File has been updated.
#  Successfully updated.
# variable set hash-table stats:
# Load=0/32=0%, Rehash=0, Collisions=0/0=0%
#  commands to execute (from `Makefile', line 16):
	$(CC) $(OBJS) -lpthread -o $(NAME)
	

.PHONY: all clean fclean re
#  Implicit rule search has not been done.
#  Modification time never checked.
#  File has not been updated.

philo_create.o: philo_create.c
#  Implicit rule search has been done.
#  Implicit/static pattern stem: `philo_create'
#  Last modified 2022-08-12 21:58:19
#  File has been updated.
#  Successfully updated.
# variable set hash-table stats:
# Load=0/32=0%, Rehash=0, Collisions=0/0=0%
#  commands to execute (from `Makefile', line 19):
	$(CC) ${FLAGS} -c $< -o $@
	

values_philo.o: values_philo.c
#  Implicit rule search has been done.
#  Implicit/static pattern stem: `values_philo'
#  Last modified 2022-08-12 21:58:19
#  File has been updated.
#  Successfully updated.
# variable set hash-table stats:
# Load=0/32=0%, Rehash=0, Collisions=0/0=0%
#  commands to execute (from `Makefile', line 19):
	$(CC) ${FLAGS} -c $< -o $@
	

# Not a target:
.SUFFIXES:
#  Implicit rule search has not been done.
#  Modification time never checked.
#  File has not been updated.

# Not a target:
Makefile:
#  Implicit rule search has been done.
#  Last modified 2022-08-12 22:12:09
#  File has been updated.
#  Successfully updated.
# variable set hash-table stats:
# Load=0/32=0%, Rehash=0, Collisions=0/0=0%

# Not a target:
philo_time.c:
#  Implicit rule search has been done.
#  Last modified 2022-08-12 18:02:05
#  File has been updated.
#  Successfully updated.
# variable set hash-table stats:
# Load=0/32=0%, Rehash=0, Collisions=0/0=0%

philo.o: philo.c
#  Implicit rule search has been done.
#  Implicit/static pattern stem: `philo'
#  Last modified 2022-08-12 21:58:18
#  File has been updated.
#  Successfully updated.
# variable set hash-table stats:
# Load=0/32=0%, Rehash=0, Collisions=0/0=0%
#  commands to execute (from `Makefile', line 19):
	$(CC) ${FLAGS} -c $< -o $@
	

# Not a target:
waiter_check.c:
#  Implicit rule search has been done.
#  Last modified 2022-08-12 18:02:05
#  File has been updated.
#  Successfully updated.
# variable set hash-table stats:
# Load=0/32=0%, Rehash=0, Collisions=0/0=0%

# Not a target:
philo.c:
#  Implicit rule search has been done.
#  Last modified 2022-08-12 21:58:01
#  File has been updated.
#  Successfully updated.
# variable set hash-table stats:
# Load=0/32=0%, Rehash=0, Collisions=0/0=0%

fclean: clean
#  Phony target (prerequisite of .PHONY).
#  Implicit rule search has not been done.
#  File does not exist.
#  File has not been updated.
#  commands to execute (from `Makefile', line 27):
	${RM} ${NAME}
	

# Not a target:
philo_create.c:
#  Implicit rule search has been done.
 
#  Last modified 2022-08-12 18:02:05
#  File has been updated.
#  Successfully updated.
# variable set hash-table stats:
# Load=0/32=0%, Rehash=0, Collisions=0/0=0%

# Not a target:
.DEFAULT:
#  Implicit rule search has not been done.
#  Modification time never checked.
#  File has not been updated.

# Not a target:
values_philo.c:
#  Implicit rule search has been done.
#  Last modified 2022-08-12 18:02:05
#  File has been updated.
#  Successfully updated.
# variable set hash-table stats:
# Load=0/32=0%, Rehash=0, Collisions=0/0=0%

re: fclean all
#  Phony target (prerequisite of .PHONY).
#  Implicit rule search has not been done.
#  File does not exist.
#  File has not been updated.

clean:
#  Phony target (prerequisite of .PHONY).
#  Implicit rule search has not been done.
#  File does not exist.
#  File has not been updated.
#  commands to execute (from `Makefile', line 24):
	${RM} ${OBJS}
	

philo_utils.o: philo_utils.c
#  Implicit rule search has been done.
#  Implicit/static pattern stem: `philo_utils'
#  Last modified 2022-08-12 21:58:19
#  File has been updated.
#  Successfully updated.
# variable set hash-table stats:
# Load=0/32=0%, Rehash=0, Collisions=0/0=0%
#  commands to execute (from `Makefile', line 19):
	$(CC) ${FLAGS} -c $< -o $@
	

philo_time.o: philo_time.c
#  Implicit rule search has been done.
#  Implicit/static pattern stem: `philo_time'
#  Last modified 2022-08-12 21:58:19
#  File has been updated.
#  Successfully updated.
# variable set hash-table stats:
# Load=0/32=0%, Rehash=0, Collisions=0/0=0%
#  commands to execute (from `Makefile', line 19):
	$(CC) ${FLAGS} -c $< -o $@
	

# files hash-table stats:
# Load=21/1024=2%, Rehash=0, Collisions=8/66=12%
# VPATH Search Paths

# No `vpath' search paths.

# No general (`VPATH' variable) search path.

# # of strings in strcache: 1
# # of strcache buffers: 1
# strcache size: total = 4096 / max = 4096 / min = 4096 / avg = 4096
# strcache free: total = 4087 / max = 4087 / min = 4087 / avg = 4087

# Finished Make data base on Fri Aug 12 22:15:12 2022

 
